<?xml version="1.0" encoding="UTF-8"?>
<testsuite xmlns:xsi="http://www.w3.org/2001/XMLSchema-instance" xsi:noNamespaceSchemaLocation="https://maven.apache.org/surefire/maven-surefire-plugin/xsd/surefire-test-report-3.0.xsd" version="3.0" name="com.luizalabs.wishlist.service.WishlistServiceTest" time="0.187" tests="6" errors="0" skipped="0" failures="0">
  <properties>
[...]
</properties>
  <testcase name="mustDeleteTheProductByIdInTheWishlist" classname="com.luizalabs.wishlist.service.WishlistServiceTest" time="0.168"/>
  <testcase name="shouldReturnAWishlistWithAllProducts" classname="com.luizalabs.wishlist.service.WishlistServiceTest" time="0.003"/>
  <testcase name="shouldThrowExceptionProductNotFoundOnWishlist" classname="com.luizalabs.wishlist.service.WishlistServiceTest" time="0.002"/>
  <testcase name="shouldReturnProduct" classname="com.luizalabs.wishlist.service.WishlistServiceTest" time="0.002"/>
  <testcase name="ShouldThrowExceptionWhenWishlistIsFull" classname="com.luizalabs.wishlist.service.WishlistServiceTest" time="0.003"/>
  <testcase name="shouldThrowExceptionWhenProductExistsInWishlist" classname="com.luizalabs.wishlist.service.WishlistServiceTest" time="0.002"/>
</testsuite>